[
  {
    "line": 2,
    "elements": [
      {
        "line": 3,
        "name": "",
        "description": "",
        "type": "background",
        "keyword": "Background",
        "steps": [
          {
            "result": {
              "duration": 3371403400,
              "status": "passed"
            },
            "line": 4,
            "name": "To launch the browser and hit the url",
            "match": {
              "location": "FeDefinition.to_launch_the_browser_and_hit_the_url()"
            },
            "keyword": "Given "
          }
        ]
      },
      {
        "start_timestamp": "2024-03-08T10:45:19.922Z",
        "before": [
          {
            "result": {
              "duration": 5474595200,
              "status": "passed"
            },
            "match": {
              "location": "Hooks.bf()"
            }
          },
          {
            "result": {
              "duration": 454009700,
              "status": "passed"
            },
            "match": {
              "location": "Hooks.bf2()"
            }
          },
          {
            "result": {
              "duration": 182600,
              "status": "passed"
            },
            "match": {
              "location": "Hooks.bf1()"
            }
          }
        ],
        "line": 8,
        "name": "To validate login by using invalid username and valid password",
        "description": "",
        "id": "to-validate-login-functionality-of-facebook-application;to-validate-login-by-using-invalid-username-and-valid-password",
        "after": [
          {
            "result": {
              "error_message": "java.lang.ClassCastException: class cucumber.runtime.java.JavaHookDefinition$ScenarioAdaptor cannot be cast to class org.openqa.selenium.TakesScreenshot (cucumber.runtime.java.JavaHookDefinition$ScenarioAdaptor and org.openqa.selenium.TakesScreenshot are in unnamed module of loader \u0027app\u0027)\r\n\tat org.stepdefinition.Hooks.Af1(Hooks.java:38)\r\n\tat java.base/jdk.internal.reflect.NativeMethodAccessorImpl.invoke0(Native Method)\r\n\tat java.base/jdk.internal.reflect.NativeMethodAccessorImpl.invoke(NativeMethodAccessorImpl.java:62)\r\n\tat java.base/jdk.internal.reflect.DelegatingMethodAccessorImpl.invoke(DelegatingMethodAccessorImpl.java:43)\r\n\tat java.base/java.lang.reflect.Method.invoke(Method.java:566)\r\n\tat cucumber.runtime.Utils$1.call(Utils.java:26)\r\n\tat cucumber.runtime.Timeout.timeout(Timeout.java:16)\r\n\tat cucumber.runtime.Utils.invoke(Utils.java:20)\r\n\tat cucumber.runtime.java.JavaHookDefinition.execute(JavaHookDefinition.java:65)\r\n\tat cucumber.runner.HookDefinitionMatch.runStep(HookDefinitionMatch.java:16)\r\n\tat cucumber.runner.TestStep.executeStep(TestStep.java:65)\r\n\tat cucumber.runner.TestStep.run(TestStep.java:50)\r\n\tat cucumber.runner.TestCase.run(TestCase.java:50)\r\n\tat cucumber.runner.Runner.runPickle(Runner.java:50)\r\n\tat io.cucumber.junit.PickleRunners$NoStepDescriptions.run(PickleRunners.java:146)\r\n\tat io.cucumber.junit.FeatureRunner.runChild(FeatureRunner.java:68)\r\n\tat io.cucumber.junit.FeatureRunner.runChild(FeatureRunner.java:23)\r\n\tat org.junit.runners.ParentRunner$3.run(ParentRunner.java:290)\r\n\tat org.junit.runners.ParentRunner$1.schedule(ParentRunner.java:71)\r\n\tat org.junit.runners.ParentRunner.runChildren(ParentRunner.java:288)\r\n\tat org.junit.runners.ParentRunner.access$000(ParentRunner.java:58)\r\n\tat org.junit.runners.ParentRunner$2.evaluate(ParentRunner.java:268)\r\n\tat org.junit.runners.ParentRunner.run(ParentRunner.java:363)\r\n\tat io.cucumber.junit.Cucumber.runChild(Cucumber.java:144)\r\n\tat io.cucumber.junit.Cucumber.runChild(Cucumber.java:65)\r\n\tat org.junit.runners.ParentRunner$3.run(ParentRunner.java:290)\r\n\tat org.junit.runners.ParentRunner$1.schedule(ParentRunner.java:71)\r\n\tat org.junit.runners.ParentRunner.runChildren(ParentRunner.java:288)\r\n\tat org.junit.runners.ParentRunner.access$000(ParentRunner.java:58)\r\n\tat org.junit.runners.ParentRunner$2.evaluate(ParentRunner.java:268)\r\n\tat io.cucumber.junit.Cucumber$RunCucumber.evaluate(Cucumber.java:174)\r\n\tat org.junit.internal.runners.statements.RunAfters.evaluate(RunAfters.java:27)\r\n\tat org.junit.runners.ParentRunner.run(ParentRunner.java:363)\r\n\tat org.eclipse.jdt.internal.junit4.runner.JUnit4TestReference.run(JUnit4TestReference.java:93)\r\n\tat org.eclipse.jdt.internal.junit.runner.TestExecution.run(TestExecution.java:40)\r\n\tat org.eclipse.jdt.internal.junit.runner.RemoteTestRunner.runTests(RemoteTestRunner.java:529)\r\n\tat org.eclipse.jdt.internal.junit.runner.RemoteTestRunner.runTests(RemoteTestRunner.java:756)\r\n\tat org.eclipse.jdt.internal.junit.runner.RemoteTestRunner.run(RemoteTestRunner.java:452)\r\n\tat org.eclipse.jdt.internal.junit.runner.RemoteTestRunner.main(RemoteTestRunner.java:210)\r\n",
              "duration": 378600,
              "status": "failed"
            },
            "match": {
              "location": "Hooks.Af1(Scenario)"
            }
          },
          {
            "result": {
              "duration": 648396200,
              "status": "passed"
            },
            "match": {
              "location": "Hooks.Af()"
            }
          }
        ],
        "type": "scenario",
        "keyword": "Scenario",
        "steps": [
          {
            "result": {
              "duration": 503372000,
              "status": "passed"
            },
            "line": 10,
            "name": "To pass the data in emailfield",
            "match": {
              "location": "FeDefinition.to_pass_the_data_in_emailfield(DataTable)"
            },
            "rows": [
              {
                "cells": [
                  "username",
                  "sst1123@gmail.com"
                ]
              },
              {
                "cells": [
                  "password",
                  "sst"
                ]
              },
              {
                "cells": [
                  "phnum",
                  "9876543210"
                ]
              },
              {
                "cells": [
                  "emailid",
                  "dtyhgcfd@gmail.com"
                ]
              }
            ],
            "keyword": "When "
          },
          {
            "result": {
              "error_message": "java.lang.AssertionError\r\n\tat org.junit.Assert.fail(Assert.java:86)\r\n\tat org.junit.Assert.assertTrue(Assert.java:41)\r\n\tat org.junit.Assert.assertTrue(Assert.java:52)\r\n\tat org.stepdefinition.FeDefinition.to_pass_the_data_in_passwordfield(FeDefinition.java:40)\r\n\tat ✽.To pass the data in passwordfield(file:src/test/resources/FeatureFolder/01fb.feature:18)\r\n",
              "duration": 62722000,
              "status": "failed"
            },
            "line": 18,
            "name": "To pass the data in passwordfield",
            "match": {
              "location": "FeDefinition.to_pass_the_data_in_passwordfield(DataTable)"
            },
            "rows": [
              {
                "cells": [
                  "password1",
                  "password2",
                  "password3",
                  "password4"
                ]
              },
              {
                "cells": [
                  "dddddddd",
                  "cccccccc",
                  "bbbbbbb",
                  "aaaaaaaa"
                ]
              },
              {
                "cells": [
                  "5555555555",
                  "44444444444",
                  "333333333",
                  "22222222"
                ]
              },
              {
                "cells": [
                  "987654321",
                  "09876543",
                  "8275tyd",
                  "jytre32345678"
                ]
              }
            ],
            "keyword": "And "
          },
          {
            "result": {
              "duration": 551700,
              "status": "skipped"
            },
            "line": 24,
            "name": "To click the login button",
            "match": {
              "location": "FeDefinition.to_click_the_login_button()"
            },
            "keyword": "And "
          },
          {
            "result": {
              "duration": 308800,
              "status": "skipped"
            },
            "line": 25,
            "name": "To close the browser",
            "match": {
              "location": "FeDefinition.to_close_the_browser()"
            },
            "keyword": "Then "
          }
        ],
        "tags": [
          {
            "name": "@Feature1"
          },
          {
            "name": "@Sanity"
          }
        ]
      },
      {
        "line": 3,
        "name": "",
        "description": "",
        "type": "background",
        "keyword": "Background",
        "steps": [
          {
            "result": {
              "duration": 4637252900,
              "status": "passed"
            },
            "line": 4,
            "name": "To launch the browser and hit the url",
            "match": {
              "location": "FeDefinition.to_launch_the_browser_and_hit_the_url()"
            },
            "keyword": "Given "
          }
        ]
      },
      {
        "start_timestamp": "2024-03-08T10:45:30.753Z",
        "before": [
          {
            "result": {
              "duration": 2373026200,
              "status": "passed"
            },
            "match": {
              "location": "Hooks.bf()"
            }
          },
          {
            "result": {
              "duration": 316564500,
              "status": "passed"
            },
            "match": {
              "location": "Hooks.bf2()"
            }
          },
          {
            "result": {
              "duration": 112800,
              "status": "passed"
            },
            "match": {
              "location": "Hooks.bf1()"
            }
          }
        ],
        "line": 37,
        "name": "To validate login by using nagative and passitive",
        "description": "",
        "id": "to-validate-login-functionality-of-facebook-application;to-validate-login-by-using-nagative-and-passitive;;2",
        "after": [
          {
            "result": {
              "duration": 96400,
              "status": "passed"
            },
            "match": {
              "location": "Hooks.Af1(Scenario)"
            }
          },
          {
            "result": {
              "duration": 91300,
              "status": "passed"
            },
            "match": {
              "location": "Hooks.Af()"
            }
          }
        ],
        "type": "scenario",
        "keyword": "Scenario Outline",
        "steps": [
          {
            "result": {
              "duration": 155114300,
              "status": "passed"
            },
            "line": 30,
            "name": "Pass the data in \"java123\" email field",
            "match": {
              "arguments": [
                {
                  "val": "\"java123\"",
                  "offset": 17
                }
              ],
              "location": "FbPositiveAndNagative.pass_the_data_in_email_field(String)"
            },
            "keyword": "When "
          },
          {
            "result": {
              "duration": 184910200,
              "status": "passed"
            },
            "line": 31,
            "name": "Pass the data in \"java\" password field",
            "match": {
              "arguments": [
                {
                  "val": "\"java\"",
                  "offset": 17
                }
              ],
              "location": "FbPositiveAndNagative.pass_the_data_in_password_field(String)"
            },
            "keyword": "And "
          },
          {
            "result": {
              "duration": 297118600,
              "status": "passed"
            },
            "line": 32,
            "name": "Click the login button",
            "match": {
              "location": "FbPositiveAndNagative.click_the_login_button()"
            },
            "keyword": "And "
          },
          {
            "result": {
              "duration": 563622900,
              "status": "passed"
            },
            "line": 33,
            "name": "close  browser",
            "match": {
              "location": "FbPositiveAndNagative.close_browser()"
            },
            "keyword": "Then "
          }
        ],
        "tags": [
          {
            "name": "@Feature1"
          },
          {
            "name": "@Smoke"
          },
          {
            "name": "@Sanity"
          }
        ]
      },
      {
        "line": 3,
        "name": "",
        "description": "",
        "type": "background",
        "keyword": "Background",
        "steps": [
          {
            "result": {
              "duration": 3239628500,
              "status": "passed"
            },
            "line": 4,
            "name": "To launch the browser and hit the url",
            "match": {
              "location": "FeDefinition.to_launch_the_browser_and_hit_the_url()"
            },
            "keyword": "Given "
          }
        ]
      },
      {
        "start_timestamp": "2024-03-08T10:45:39.304Z",
        "before": [
          {
            "result": {
              "duration": 2256027700,
              "status": "passed"
            },
            "match": {
              "location": "Hooks.bf()"
            }
          },
          {
            "result": {
              "duration": 365094700,
              "status": "passed"
            },
            "match": {
              "location": "Hooks.bf2()"
            }
          },
          {
            "result": {
              "duration": 95200,
              "status": "passed"
            },
            "match": {
              "location": "Hooks.bf1()"
            }
          }
        ],
        "line": 38,
        "name": "To validate login by using nagative and passitive",
        "description": "",
        "id": "to-validate-login-functionality-of-facebook-application;to-validate-login-by-using-nagative-and-passitive;;3",
        "after": [
          {
            "result": {
              "duration": 212100,
              "status": "passed"
            },
            "match": {
              "location": "Hooks.Af1(Scenario)"
            }
          },
          {
            "result": {
              "duration": 131500,
              "status": "passed"
            },
            "match": {
              "location": "Hooks.Af()"
            }
          }
        ],
        "type": "scenario",
        "keyword": "Scenario Outline",
        "steps": [
          {
            "result": {
              "duration": 195210600,
              "status": "passed"
            },
            "line": 30,
            "name": "Pass the data in \"selenium123\" email field",
            "match": {
              "arguments": [
                {
                  "val": "\"selenium123\"",
                  "offset": 17
                }
              ],
              "location": "FbPositiveAndNagative.pass_the_data_in_email_field(String)"
            },
            "keyword": "When "
          },
          {
            "result": {
              "duration": 400456000,
              "status": "passed"
            },
            "line": 31,
            "name": "Pass the data in \"selenium\" password field",
            "match": {
              "arguments": [
                {
                  "val": "\"selenium\"",
                  "offset": 17
                }
              ],
              "location": "FbPositiveAndNagative.pass_the_data_in_password_field(String)"
            },
            "keyword": "And "
          },
          {
            "result": {
              "duration": 300964700,
              "status": "passed"
            },
            "line": 32,
            "name": "Click the login button",
            "match": {
              "location": "FbPositiveAndNagative.click_the_login_button()"
            },
            "keyword": "And "
          },
          {
            "result": {
              "duration": 519015700,
              "status": "passed"
            },
            "line": 33,
            "name": "close  browser",
            "match": {
              "location": "FbPositiveAndNagative.close_browser()"
            },
            "keyword": "Then "
          }
        ],
        "tags": [
          {
            "name": "@Feature1"
          },
          {
            "name": "@Smoke"
          },
          {
            "name": "@Sanity"
          }
        ]
      },
      {
        "line": 3,
        "name": "",
        "description": "",
        "type": "background",
        "keyword": "Background",
        "steps": [
          {
            "result": {
              "duration": 3751151200,
              "status": "passed"
            },
            "line": 4,
            "name": "To launch the browser and hit the url",
            "match": {
              "location": "FeDefinition.to_launch_the_browser_and_hit_the_url()"
            },
            "keyword": "Given "
          }
        ]
      },
      {
        "start_timestamp": "2024-03-08T10:45:46.602Z",
        "before": [
          {
            "result": {
              "duration": 2121685700,
              "status": "passed"
            },
            "match": {
              "location": "Hooks.bf()"
            }
          },
          {
            "result": {
              "duration": 348232900,
              "status": "passed"
            },
            "match": {
              "location": "Hooks.bf2()"
            }
          },
          {
            "result": {
              "duration": 81900,
              "status": "passed"
            },
            "match": {
              "location": "Hooks.bf1()"
            }
          }
        ],
        "line": 39,
        "name": "To validate login by using nagative and passitive",
        "description": "",
        "id": "to-validate-login-functionality-of-facebook-application;to-validate-login-by-using-nagative-and-passitive;;4",
        "after": [
          {
            "result": {
              "duration": 277500,
              "status": "passed"
            },
            "match": {
              "location": "Hooks.Af1(Scenario)"
            }
          },
          {
            "result": {
              "duration": 323100,
              "status": "passed"
            },
            "match": {
              "location": "Hooks.Af()"
            }
          }
        ],
        "type": "scenario",
        "keyword": "Scenario Outline",
        "steps": [
          {
            "result": {
              "duration": 166637000,
              "status": "passed"
            },
            "line": 30,
            "name": "Pass the data in \"framework123\" email field",
            "match": {
              "arguments": [
                {
                  "val": "\"framework123\"",
                  "offset": 17
                }
              ],
              "location": "FbPositiveAndNagative.pass_the_data_in_email_field(String)"
            },
            "keyword": "When "
          },
          {
            "result": {
              "duration": 285895100,
              "status": "passed"
            },
            "line": 31,
            "name": "Pass the data in \"frame\" password field",
            "match": {
              "arguments": [
                {
                  "val": "\"frame\"",
                  "offset": 17
                }
              ],
              "location": "FbPositiveAndNagative.pass_the_data_in_password_field(String)"
            },
            "keyword": "And "
          },
          {
            "result": {
              "duration": 378211400,
              "status": "passed"
            },
            "line": 32,
            "name": "Click the login button",
            "match": {
              "location": "FbPositiveAndNagative.click_the_login_button()"
            },
            "keyword": "And "
          },
          {
            "result": {
              "duration": 669958700,
              "status": "passed"
            },
            "line": 33,
            "name": "close  browser",
            "match": {
              "location": "FbPositiveAndNagative.close_browser()"
            },
            "keyword": "Then "
          }
        ],
        "tags": [
          {
            "name": "@Feature1"
          },
          {
            "name": "@Smoke"
          },
          {
            "name": "@Sanity"
          }
        ]
      }
    ],
    "name": "To validate Login functionality of Facebook application",
    "description": "",
    "id": "to-validate-login-functionality-of-facebook-application",
    "keyword": "Feature",
    "uri": "file:src/test/resources/FeatureFolder/01fb.feature",
    "tags": [
      {
        "name": "@Feature1",
        "type": "Tag",
        "location": {
          "line": 1,
          "column": 1
        }
      }
    ]
  },
  {
    "line": 2,
    "elements": [
      {
        "line": 3,
        "name": "",
        "description": "",
        "type": "background",
        "keyword": "Background",
        "steps": [
          {
            "result": {
              "duration": 5097903500,
              "status": "passed"
            },
            "line": 4,
            "name": "To launch the browser",
            "match": {
              "location": "AmazonDefinition.to_launch_the_browser()"
            },
            "keyword": "Given "
          }
        ]
      },
      {
        "start_timestamp": "2024-03-08T10:45:54.333Z",
        "before": [
          {
            "result": {
              "duration": 2353561300,
              "status": "passed"
            },
            "match": {
              "location": "Hooks.bf()"
            }
          },
          {
            "result": {
              "duration": 453018200,
              "status": "passed"
            },
            "match": {
              "location": "Hooks.bf2()"
            }
          },
          {
            "result": {
              "duration": 82800,
              "status": "passed"
            },
            "match": {
              "location": "Hooks.bf1()"
            }
          }
        ],
        "line": 6,
        "name": "To validate login by using nagative username andpasitive password",
        "description": "",
        "id": "to-validate-login-functionality-of-amazon-application;to-validate-login-by-using-nagative-username-andpasitive-password",
        "after": [
          {
            "result": {
              "error_message": "java.lang.ClassCastException: class cucumber.runtime.java.JavaHookDefinition$ScenarioAdaptor cannot be cast to class org.openqa.selenium.TakesScreenshot (cucumber.runtime.java.JavaHookDefinition$ScenarioAdaptor and org.openqa.selenium.TakesScreenshot are in unnamed module of loader \u0027app\u0027)\r\n\tat org.stepdefinition.Hooks.Af1(Hooks.java:38)\r\n\tat java.base/jdk.internal.reflect.NativeMethodAccessorImpl.invoke0(Native Method)\r\n\tat java.base/jdk.internal.reflect.NativeMethodAccessorImpl.invoke(NativeMethodAccessorImpl.java:62)\r\n\tat java.base/jdk.internal.reflect.DelegatingMethodAccessorImpl.invoke(DelegatingMethodAccessorImpl.java:43)\r\n\tat java.base/java.lang.reflect.Method.invoke(Method.java:566)\r\n\tat cucumber.runtime.Utils$1.call(Utils.java:26)\r\n\tat cucumber.runtime.Timeout.timeout(Timeout.java:16)\r\n\tat cucumber.runtime.Utils.invoke(Utils.java:20)\r\n\tat cucumber.runtime.java.JavaHookDefinition.execute(JavaHookDefinition.java:65)\r\n\tat cucumber.runner.HookDefinitionMatch.runStep(HookDefinitionMatch.java:16)\r\n\tat cucumber.runner.TestStep.executeStep(TestStep.java:65)\r\n\tat cucumber.runner.TestStep.run(TestStep.java:50)\r\n\tat cucumber.runner.TestCase.run(TestCase.java:50)\r\n\tat cucumber.runner.Runner.runPickle(Runner.java:50)\r\n\tat io.cucumber.junit.PickleRunners$NoStepDescriptions.run(PickleRunners.java:146)\r\n\tat io.cucumber.junit.FeatureRunner.runChild(FeatureRunner.java:68)\r\n\tat io.cucumber.junit.FeatureRunner.runChild(FeatureRunner.java:23)\r\n\tat org.junit.runners.ParentRunner$3.run(ParentRunner.java:290)\r\n\tat org.junit.runners.ParentRunner$1.schedule(ParentRunner.java:71)\r\n\tat org.junit.runners.ParentRunner.runChildren(ParentRunner.java:288)\r\n\tat org.junit.runners.ParentRunner.access$000(ParentRunner.java:58)\r\n\tat org.junit.runners.ParentRunner$2.evaluate(ParentRunner.java:268)\r\n\tat org.junit.runners.ParentRunner.run(ParentRunner.java:363)\r\n\tat io.cucumber.junit.Cucumber.runChild(Cucumber.java:144)\r\n\tat io.cucumber.junit.Cucumber.runChild(Cucumber.java:65)\r\n\tat org.junit.runners.ParentRunner$3.run(ParentRunner.java:290)\r\n\tat org.junit.runners.ParentRunner$1.schedule(ParentRunner.java:71)\r\n\tat org.junit.runners.ParentRunner.runChildren(ParentRunner.java:288)\r\n\tat org.junit.runners.ParentRunner.access$000(ParentRunner.java:58)\r\n\tat org.junit.runners.ParentRunner$2.evaluate(ParentRunner.java:268)\r\n\tat io.cucumber.junit.Cucumber$RunCucumber.evaluate(Cucumber.java:174)\r\n\tat org.junit.internal.runners.statements.RunAfters.evaluate(RunAfters.java:27)\r\n\tat org.junit.runners.ParentRunner.run(ParentRunner.java:363)\r\n\tat org.eclipse.jdt.internal.junit4.runner.JUnit4TestReference.run(JUnit4TestReference.java:93)\r\n\tat org.eclipse.jdt.internal.junit.runner.TestExecution.run(TestExecution.java:40)\r\n\tat org.eclipse.jdt.internal.junit.runner.RemoteTestRunner.runTests(RemoteTestRunner.java:529)\r\n\tat org.eclipse.jdt.internal.junit.runner.RemoteTestRunner.runTests(RemoteTestRunner.java:756)\r\n\tat org.eclipse.jdt.internal.junit.runner.RemoteTestRunner.run(RemoteTestRunner.java:452)\r\n\tat org.eclipse.jdt.internal.junit.runner.RemoteTestRunner.main(RemoteTestRunner.java:210)\r\n",
              "duration": 343100,
              "status": "failed"
            },
            "match": {
              "location": "Hooks.Af1(Scenario)"
            }
          },
          {
            "result": {
              "duration": 514386800,
              "status": "passed"
            },
            "match": {
              "location": "Hooks.Af()"
            }
          }
        ],
        "type": "scenario",
        "keyword": "Scenario",
        "steps": [
          {
            "result": {
              "error_message": "org.openqa.selenium.NoSuchElementException: no such element: Unable to locate element: {\"method\":\"css selector\",\"selector\":\"*[name\u003d\u0027email\u0027]\"}\n  (Session info: chrome\u003d122.0.6261.95)\nFor documentation on this error, please visit: https://www.selenium.dev/documentation/webdriver/troubleshooting/errors#no-such-element-exception\nBuild info: version: \u00274.18.1\u0027, revision: \u0027b1d3319b48\u0027\nSystem info: os.name: \u0027Windows 10\u0027, os.arch: \u0027amd64\u0027, os.version: \u002710.0\u0027, java.version: \u002711.0.21\u0027\nDriver info: org.openqa.selenium.chrome.ChromeDriver\nCommand: [8bd2906613070493887b5427a37b9e7a, findElement {using\u003dname, value\u003demail}]\nCapabilities {acceptInsecureCerts: false, browserName: chrome, browserVersion: 122.0.6261.95, chrome: {chromedriverVersion: 122.0.6261.111 (9d4c1072da6..., userDataDir: C:\\Users\\ADMIN\\AppData\\Loca...}, fedcm:accounts: true, goog:chromeOptions: {debuggerAddress: localhost:62772}, networkConnectionEnabled: false, pageLoadStrategy: normal, platformName: windows, proxy: Proxy(), se:cdp: ws://localhost:62772/devtoo..., se:cdpVersion: 122.0.6261.95, setWindowRect: true, strictFileInteractability: false, timeouts: {implicit: 0, pageLoad: 300000, script: 30000}, unhandledPromptBehavior: dismiss and notify, webauthn:extension:credBlob: true, webauthn:extension:largeBlob: true, webauthn:extension:minPinLength: true, webauthn:extension:prf: true, webauthn:virtualAuthenticators: true}\nSession ID: 8bd2906613070493887b5427a37b9e7a\r\n\tat java.base/jdk.internal.reflect.NativeConstructorAccessorImpl.newInstance0(Native Method)\r\n\tat java.base/jdk.internal.reflect.NativeConstructorAccessorImpl.newInstance(NativeConstructorAccessorImpl.java:62)\r\n\tat java.base/jdk.internal.reflect.DelegatingConstructorAccessorImpl.newInstance(DelegatingConstructorAccessorImpl.java:45)\r\n\tat java.base/java.lang.reflect.Constructor.newInstance(Constructor.java:490)\r\n\tat org.openqa.selenium.remote.ErrorCodec.decode(ErrorCodec.java:167)\r\n\tat org.openqa.selenium.remote.codec.w3c.W3CHttpResponseCodec.decode(W3CHttpResponseCodec.java:138)\r\n\tat org.openqa.selenium.remote.codec.w3c.W3CHttpResponseCodec.decode(W3CHttpResponseCodec.java:50)\r\n\tat org.openqa.selenium.remote.HttpCommandExecutor.execute(HttpCommandExecutor.java:190)\r\n\tat org.openqa.selenium.remote.service.DriverCommandExecutor.invokeExecute(DriverCommandExecutor.java:216)\r\n\tat org.openqa.selenium.remote.service.DriverCommandExecutor.execute(DriverCommandExecutor.java:174)\r\n\tat org.openqa.selenium.remote.RemoteWebDriver.execute(RemoteWebDriver.java:519)\r\n\tat org.openqa.selenium.remote.ElementLocation$ElementFinder$2.findElement(ElementLocation.java:165)\r\n\tat org.openqa.selenium.remote.ElementLocation.findElement(ElementLocation.java:66)\r\n\tat org.openqa.selenium.remote.RemoteWebDriver.findElement(RemoteWebDriver.java:356)\r\n\tat org.openqa.selenium.remote.RemoteWebDriver.findElement(RemoteWebDriver.java:350)\r\n\tat org.openqa.selenium.support.pagefactory.DefaultElementLocator.findElement(DefaultElementLocator.java:68)\r\n\tat org.openqa.selenium.support.pagefactory.internal.LocatingElementHandler.invoke(LocatingElementHandler.java:38)\r\n\tat com.sun.proxy.$Proxy21.sendKeys(Unknown Source)\r\n\tat org.lib.BaseClass.fillText(BaseClass.java:27)\r\n\tat org.stepdefinition.AmazonDefinition.to_pass_the_value_in_emailId_or_phnum_in_emailfield(AmazonDefinition.java:25)\r\n\tat ✽.To pass the value in emailId or phnum in emailfield(file:src/test/resources/FeatureFolder/02amazon.feature:8)\r\n",
              "duration": 101449300,
              "status": "failed"
            },
            "line": 8,
            "name": "To pass the value in emailId or phnum in emailfield",
            "match": {
              "location": "AmazonDefinition.to_pass_the_value_in_emailId_or_phnum_in_emailfield()"
            },
            "keyword": "When "
          },
          {
            "result": {
              "duration": 12546400,
              "status": "skipped"
            },
            "line": 9,
            "name": "To click a continue btn",
            "match": {
              "location": "AmazonDefinition.to_click_a_continue_btn()"
            },
            "keyword": "And "
          },
          {
            "result": {
              "duration": 359800,
              "status": "skipped"
            },
            "line": 10,
            "name": "To pass the value in passwordfield",
            "match": {
              "location": "AmazonDefinition.to_pass_the_value_in_passwordfield()"
            },
            "keyword": "And "
          },
          {
            "result": {
              "duration": 435800,
              "status": "skipped"
            },
            "line": 11,
            "name": "To click signin  btn",
            "match": {
              "location": "AmazonDefinition.to_click_signin_btn()"
            },
            "keyword": "And "
          },
          {
            "result": {
              "duration": 416900,
              "status": "skipped"
            },
            "line": 12,
            "name": "Close the browser",
            "match": {
              "location": "AmazonDefinition.close_the_browser()"
            },
            "keyword": "Then "
          }
        ],
        "tags": [
          {
            "name": "@Feature1"
          },
          {
            "name": "@Feature2"
          },
          {
            "name": "@Sanity"
          }
        ]
      },
      {
        "line": 3,
        "name": "",
        "description": "",
        "type": "background",
        "keyword": "Background",
        "steps": [
          {
            "result": {
              "duration": 3891275800,
              "status": "passed"
            },
            "line": 4,
            "name": "To launch the browser",
            "match": {
              "location": "AmazonDefinition.to_launch_the_browser()"
            },
            "keyword": "Given "
          }
        ]
      },
      {
        "start_timestamp": "2024-03-08T10:46:02.927Z",
        "before": [
          {
            "result": {
              "duration": 2124408700,
              "status": "passed"
            },
            "match": {
              "location": "Hooks.bf()"
            }
          },
          {
            "result": {
              "duration": 303208700,
              "status": "passed"
            },
            "match": {
              "location": "Hooks.bf2()"
            }
          },
          {
            "result": {
              "duration": 102800,
              "status": "passed"
            },
            "match": {
              "location": "Hooks.bf1()"
            }
          }
        ],
        "line": 15,
        "name": "To validate login by using valied username and invalied password",
        "description": "",
        "id": "to-validate-login-functionality-of-amazon-application;to-validate-login-by-using-valied-username-and-invalied-password",
        "after": [
          {
            "result": {
              "error_message": "java.lang.ClassCastException: class cucumber.runtime.java.JavaHookDefinition$ScenarioAdaptor cannot be cast to class org.openqa.selenium.TakesScreenshot (cucumber.runtime.java.JavaHookDefinition$ScenarioAdaptor and org.openqa.selenium.TakesScreenshot are in unnamed module of loader \u0027app\u0027)\r\n\tat org.stepdefinition.Hooks.Af1(Hooks.java:38)\r\n\tat java.base/jdk.internal.reflect.NativeMethodAccessorImpl.invoke0(Native Method)\r\n\tat java.base/jdk.internal.reflect.NativeMethodAccessorImpl.invoke(NativeMethodAccessorImpl.java:62)\r\n\tat java.base/jdk.internal.reflect.DelegatingMethodAccessorImpl.invoke(DelegatingMethodAccessorImpl.java:43)\r\n\tat java.base/java.lang.reflect.Method.invoke(Method.java:566)\r\n\tat cucumber.runtime.Utils$1.call(Utils.java:26)\r\n\tat cucumber.runtime.Timeout.timeout(Timeout.java:16)\r\n\tat cucumber.runtime.Utils.invoke(Utils.java:20)\r\n\tat cucumber.runtime.java.JavaHookDefinition.execute(JavaHookDefinition.java:65)\r\n\tat cucumber.runner.HookDefinitionMatch.runStep(HookDefinitionMatch.java:16)\r\n\tat cucumber.runner.TestStep.executeStep(TestStep.java:65)\r\n\tat cucumber.runner.TestStep.run(TestStep.java:50)\r\n\tat cucumber.runner.TestCase.run(TestCase.java:50)\r\n\tat cucumber.runner.Runner.runPickle(Runner.java:50)\r\n\tat io.cucumber.junit.PickleRunners$NoStepDescriptions.run(PickleRunners.java:146)\r\n\tat io.cucumber.junit.FeatureRunner.runChild(FeatureRunner.java:68)\r\n\tat io.cucumber.junit.FeatureRunner.runChild(FeatureRunner.java:23)\r\n\tat org.junit.runners.ParentRunner$3.run(ParentRunner.java:290)\r\n\tat org.junit.runners.ParentRunner$1.schedule(ParentRunner.java:71)\r\n\tat org.junit.runners.ParentRunner.runChildren(ParentRunner.java:288)\r\n\tat org.junit.runners.ParentRunner.access$000(ParentRunner.java:58)\r\n\tat org.junit.runners.ParentRunner$2.evaluate(ParentRunner.java:268)\r\n\tat org.junit.runners.ParentRunner.run(ParentRunner.java:363)\r\n\tat io.cucumber.junit.Cucumber.runChild(Cucumber.java:144)\r\n\tat io.cucumber.junit.Cucumber.runChild(Cucumber.java:65)\r\n\tat org.junit.runners.ParentRunner$3.run(ParentRunner.java:290)\r\n\tat org.junit.runners.ParentRunner$1.schedule(ParentRunner.java:71)\r\n\tat org.junit.runners.ParentRunner.runChildren(ParentRunner.java:288)\r\n\tat org.junit.runners.ParentRunner.access$000(ParentRunner.java:58)\r\n\tat org.junit.runners.ParentRunner$2.evaluate(ParentRunner.java:268)\r\n\tat io.cucumber.junit.Cucumber$RunCucumber.evaluate(Cucumber.java:174)\r\n\tat org.junit.internal.runners.statements.RunAfters.evaluate(RunAfters.java:27)\r\n\tat org.junit.runners.ParentRunner.run(ParentRunner.java:363)\r\n\tat org.eclipse.jdt.internal.junit4.runner.JUnit4TestReference.run(JUnit4TestReference.java:93)\r\n\tat org.eclipse.jdt.internal.junit.runner.TestExecution.run(TestExecution.java:40)\r\n\tat org.eclipse.jdt.internal.junit.runner.RemoteTestRunner.runTests(RemoteTestRunner.java:529)\r\n\tat org.eclipse.jdt.internal.junit.runner.RemoteTestRunner.runTests(RemoteTestRunner.java:756)\r\n\tat org.eclipse.jdt.internal.junit.runner.RemoteTestRunner.run(RemoteTestRunner.java:452)\r\n\tat org.eclipse.jdt.internal.junit.runner.RemoteTestRunner.main(RemoteTestRunner.java:210)\r\n",
              "duration": 166100,
              "status": "failed"
            },
            "match": {
              "location": "Hooks.Af1(Scenario)"
            }
          },
          {
            "result": {
              "duration": 444944700,
              "status": "passed"
            },
            "match": {
              "location": "Hooks.Af()"
            }
          }
        ],
        "type": "scenario",
        "keyword": "Scenario",
        "steps": [
          {
            "result": {
              "error_message": "org.openqa.selenium.NoSuchElementException: no such element: Unable to locate element: {\"method\":\"css selector\",\"selector\":\"*[name\u003d\u0027email\u0027]\"}\n  (Session info: chrome\u003d122.0.6261.95)\nFor documentation on this error, please visit: https://www.selenium.dev/documentation/webdriver/troubleshooting/errors#no-such-element-exception\nBuild info: version: \u00274.18.1\u0027, revision: \u0027b1d3319b48\u0027\nSystem info: os.name: \u0027Windows 10\u0027, os.arch: \u0027amd64\u0027, os.version: \u002710.0\u0027, java.version: \u002711.0.21\u0027\nDriver info: org.openqa.selenium.chrome.ChromeDriver\nCommand: [37fc769c479d0ec3101be14a980098ce, findElement {using\u003dname, value\u003demail}]\nCapabilities {acceptInsecureCerts: false, browserName: chrome, browserVersion: 122.0.6261.95, chrome: {chromedriverVersion: 122.0.6261.111 (9d4c1072da6..., userDataDir: C:\\Users\\ADMIN\\AppData\\Loca...}, fedcm:accounts: true, goog:chromeOptions: {debuggerAddress: localhost:62798}, networkConnectionEnabled: false, pageLoadStrategy: normal, platformName: windows, proxy: Proxy(), se:cdp: ws://localhost:62798/devtoo..., se:cdpVersion: 122.0.6261.95, setWindowRect: true, strictFileInteractability: false, timeouts: {implicit: 0, pageLoad: 300000, script: 30000}, unhandledPromptBehavior: dismiss and notify, webauthn:extension:credBlob: true, webauthn:extension:largeBlob: true, webauthn:extension:minPinLength: true, webauthn:extension:prf: true, webauthn:virtualAuthenticators: true}\nSession ID: 37fc769c479d0ec3101be14a980098ce\r\n\tat java.base/jdk.internal.reflect.NativeConstructorAccessorImpl.newInstance0(Native Method)\r\n\tat java.base/jdk.internal.reflect.NativeConstructorAccessorImpl.newInstance(NativeConstructorAccessorImpl.java:62)\r\n\tat java.base/jdk.internal.reflect.DelegatingConstructorAccessorImpl.newInstance(DelegatingConstructorAccessorImpl.java:45)\r\n\tat java.base/java.lang.reflect.Constructor.newInstance(Constructor.java:490)\r\n\tat org.openqa.selenium.remote.ErrorCodec.decode(ErrorCodec.java:167)\r\n\tat org.openqa.selenium.remote.codec.w3c.W3CHttpResponseCodec.decode(W3CHttpResponseCodec.java:138)\r\n\tat org.openqa.selenium.remote.codec.w3c.W3CHttpResponseCodec.decode(W3CHttpResponseCodec.java:50)\r\n\tat org.openqa.selenium.remote.HttpCommandExecutor.execute(HttpCommandExecutor.java:190)\r\n\tat org.openqa.selenium.remote.service.DriverCommandExecutor.invokeExecute(DriverCommandExecutor.java:216)\r\n\tat org.openqa.selenium.remote.service.DriverCommandExecutor.execute(DriverCommandExecutor.java:174)\r\n\tat org.openqa.selenium.remote.RemoteWebDriver.execute(RemoteWebDriver.java:519)\r\n\tat org.openqa.selenium.remote.ElementLocation$ElementFinder$2.findElement(ElementLocation.java:165)\r\n\tat org.openqa.selenium.remote.ElementLocation.findElement(ElementLocation.java:66)\r\n\tat org.openqa.selenium.remote.RemoteWebDriver.findElement(RemoteWebDriver.java:356)\r\n\tat org.openqa.selenium.remote.RemoteWebDriver.findElement(RemoteWebDriver.java:350)\r\n\tat org.openqa.selenium.support.pagefactory.DefaultElementLocator.findElement(DefaultElementLocator.java:68)\r\n\tat org.openqa.selenium.support.pagefactory.internal.LocatingElementHandler.invoke(LocatingElementHandler.java:38)\r\n\tat com.sun.proxy.$Proxy21.sendKeys(Unknown Source)\r\n\tat org.lib.BaseClass.fillText(BaseClass.java:27)\r\n\tat org.stepdefinition.AmazonDefinition.passTheValueInEmailIdOrPhnumInEmailfield(AmazonDefinition.java:60)\r\n\tat ✽.pass the value in emailId or phnum in emailfield(file:src/test/resources/FeatureFolder/02amazon.feature:17)\r\n",
              "duration": 32087500,
              "status": "failed"
            },
            "line": 17,
            "name": "pass the value in emailId or phnum in emailfield",
            "match": {
              "location": "AmazonDefinition.passTheValueInEmailIdOrPhnumInEmailfield()"
            },
            "keyword": "When "
          },
          {
            "result": {
              "duration": 634500,
              "status": "skipped"
            },
            "line": 18,
            "name": "click a continue btn",
            "match": {
              "location": "AmazonDefinition.clickAContinueBtn()"
            },
            "keyword": "And "
          },
          {
            "result": {
              "duration": 373600,
              "status": "skipped"
            },
            "line": 19,
            "name": "pass the value in passwordfield",
            "match": {
              "location": "AmazonDefinition.passTheValueInPasswordfield()"
            },
            "keyword": "And "
          },
          {
            "result": {
              "duration": 339800,
              "status": "skipped"
            },
            "line": 20,
            "name": "click signin  btn",
            "match": {
              "location": "AmazonDefinition.clickSigninBtn()"
            },
            "keyword": "And "
          },
          {
            "result": {
              "duration": 549600,
              "status": "skipped"
            },
            "line": 21,
            "name": "browser close Amazon",
            "match": {
              "location": "AmazonDefinition.browserCloseAmazon()"
            },
            "keyword": "Then "
          }
        ],
        "tags": [
          {
            "name": "@Feature1"
          },
          {
            "name": "@Feature2"
          },
          {
            "name": "@Regression"
          },
          {
            "name": "@Smoke"
          }
        ]
      }
    ],
    "name": "To validate Login functionality of amazon application",
    "description": "",
    "id": "to-validate-login-functionality-of-amazon-application",
    "keyword": "Feature",
    "uri": "file:src/test/resources/FeatureFolder/02amazon.feature",
    "tags": [
      {
        "name": "@Feature1",
        "type": "Tag",
        "location": {
          "line": 1,
          "column": 1
        }
      },
      {
        "name": "@Feature2",
        "type": "Tag",
        "location": {
          "line": 1,
          "column": 11
        }
      }
    ]
  }
]